[2022-12-05 21:27:32.222] [isc-capc-service] [] [] [warn] D:/worksapace/go/isc-capc/transfer/dto/category/update_dto.go:67 分组信息转换失败,json: cannot unmarshal string into Go struct field CategoryDTO.tags of type []string
lue type []uint8 ("ecology_common_data_tenant") to a int: invalid syntax
[2022-12-05 20:38:00.469] [isc-capc-service] [] [] [warn] D:/worksapace/go/isc-capc/infrastructure/model/category/category_repository.go:55 信息扫描失败,sql: Scan error on column index 10, name "tenant_id": converting driver.Value type []uint8 ("ecology_common_data_tenant") to a int: invalid syntax
[2022-12-05 20:38:00.469] [isc-capc-service] [] [] [warn] D:/worksapace/go/isc-capc/infrastructure/model/category/category_repository.go:55 信息扫描失败,sql: Scan error on column index 7, name "tags": unsupported Scan, storing driver.Value type []uint8 into type *[]string
[2022-12-05 20:38:00.469] [isc-capc-service] [] [] [warn] D:/worksapace/go/isc-capc/infrastructure/model/category/category_repository.go:55 信息扫描失败,sql: Scan error on column index 7, name "tags": unsupported Scan, storing driver.Value type []uint8 into type *[]string
[2022-12-05 20:38:00.470] [isc-capc-service] [] [] [warn] D:/worksapace/go/isc-capc/infrastructure/model/category/category_repository.go:55 信息扫描失败,sql: Scan error on column index 7, name "tags": unsupported Scan, storing driver.Value type []uint8 into type *[]string
[2022-12-05 20:38:00.470] [isc-capc-service] [] [] [warn] D:/worksapace/go/isc-capc/infrastructure/model/category/category_repository.go:55 信息扫描失败,sql: Scan error on column index 7, name "tags": unsupported Scan, storing driver.Value type []uint8 into type *[]string
[2022-12-05 20:38:00.470] [isc-capc-service] [] [] [warn] D:/worksapace/go/isc-capc/infrastructure/model/category/category_repository.go:55 信息扫描失败,sql: Scan error on column index 7, name "tags": unsupported Scan, storing driver.Value type []uint8 into type *[]string
[2022-12-05 20:38:00.471] [isc-capc-service] [] [] [warn] D:/worksapace/go/isc-capc/infrastructure/model/category/category_repository.go:55 信息扫描失败,sql: Scan error on column index 7, name "tags": unsupported Scan, storing driver.Value type []uint8 into type *[]string
[2022-12-05 20:38:00.472] [isc-capc-service] [] [] [warn] D:/worksapace/go/isc-capc/infrastructure/model/category/category_repository.go:55 信息扫描失败,sql: Scan error on column index 7, name "tags": unsupported Scan, storing driver.Value type []uint8 into type *[]string
[2022-12-05 20:38:00.472] [isc-capc-service] [] [] [warn] D:/worksapace/go/isc-capc/infrastructure/model/category/category_repository.go:55 信息扫描失败,sql: Scan error on column index 7, name "tags": unsupported Scan, storing driver.Value type []uint8 into type *[]string
[2022-12-05 20:38:00.472] [isc-capc-service] [] [] [warn] D:/worksapace/go/isc-capc/infrastructure/model/category/category_repository.go:55 信息扫描失败,sql: Scan error on column index 7, name "tags": unsupported Scan, storing driver.Value type []uint8 into type *[]string
[2022-12-05 20:38:00.473] [isc-capc-service] [] [] [warn] D:/worksapace/go/isc-capc/infrastructure/model/category/category_repository.go:55 信息扫描失败,sql: Scan error on column index 7, name "tags": unsupported Scan, storing driver.Value type []uint8 into type *[]string
[2022-12-05 20:38:00.473] [isc-capc-service] [] [] [warn] D:/worksapace/go/isc-capc/infrastructure/model/category/category_repository.go:55 信息扫描失败,sql: Scan error on column index 7, name "tags": unsupported Scan, storing driver.Value type []uint8 into type *[]string
[2022-12-05 20:38:00.474] [isc-capc-service] [] [] [warn] D:/worksapace/go/isc-capc/infrastructure/model/category/category_repository.go:55 信息扫描失败,sql: Scan error on column index 7, name "tags": unsupported Scan, storing driver.Value type []uint8 into type *[]string
[2022-12-05 20:38:00.474] [isc-capc-service] [] [] [warn] D:/worksapace/go/isc-capc/infrastructure/model/category/category_repository.go:55 信息扫描失败,sql: Scan error on column index 7, name "tags": unsupported Scan, storing driver.Value type []uint8 into type *[]string
[2022-12-05 20:38:00.474] [isc-capc-service] [] [] [warn] D:/worksapace/go/isc-capc/infrastructure/model/category/category_repository.go:55 信息扫描失败,sql: Scan error on column index 7, name "tags": unsupported Scan, storing driver.Value type []uint8 into type *[]string
[2022-12-05 20:38:00.475] [isc-capc-service] [] [] [warn] D:/worksapace/go/isc-capc/infrastructure/model/category/category_repository.go:55 信息扫描失败,sql: Scan error on column index 7, name "tags": unsupported Scan, storing driver.Value type []uint8 into type *[]string
[2022-12-05 20:38:00.475] [isc-capc-service] [] [] [warn] D:/worksapace/go/isc-capc/infrastructure/model/category/category_repository.go:55 信息扫描失败,sql: Scan error on column index 10, name "tenant_id": converting driver.Value type []uint8 ("ecology_common_data_tenant") to a int: invalid syntax
[2022-12-05 20:38:00.476] [isc-capc-service] [] [] [warn] D:/worksapace/go/isc-capc/infrastructure/model/category/category_repository.go:55 信息扫描失败,sql: Scan error on column index 10, name "tenant_id": converting driver.Value type []uint8 ("ecology_common_data_tenant") to a int: invalid syntax
[2022-12-05 20:38:00.476] [isc-capc-service] [] [] [warn] D:/worksapace/go/isc-capc/infrastructure/model/category/category_repository.go:55 信息扫描失败,sql: Scan error on column index 7, name "tags": unsupported Scan, storing driver.Value type []uint8 into type *[]string
[2022-12-05 20:38:00.476] [isc-capc-service] [] [] [warn] D:/worksapace/go/isc-capc/infrastructure/model/category/category_repository.go:55 信息扫描失败,sql: Scan error on column index 7, name "tags": unsupported Scan, storing driver.Value type []uint8 into type *[]string
[2022-12-05 20:38:00.477] [isc-capc-service] [] [] [warn] D:/worksapace/go/isc-capc/infrastructure/model/category/category_repository.go:55 信息扫描失败,sql: Scan error on column index 7, name "tags": unsupported Scan, storing driver.Value type []uint8 into type *[]string
[2022-12-05 20:38:00.478] [isc-capc-service] [] [] [warn] D:/worksapace/go/isc-capc/infrastructure/model/category/category_repository.go:55 信息扫描失败,sql: Scan error on column index 7, name "tags": unsupported Scan, storing driver.Value type []uint8 into type *[]string
[2022-12-05 20:38:00.478] [isc-capc-service] [] [] [warn] D:/worksapace/go/isc-capc/infrastructure/model/category/category_repository.go:55 信息扫描失败,sql: Scan error on column index 7, name "tags": unsupported Scan, storing driver.Value type []uint8 into type *[]string
[2022-12-05 20:38:00.479] [isc-capc-service] [] [] [warn] D:/worksapace/go/isc-capc/infrastructure/model/category/category_repository.go:55 信息扫描失败,sql: Scan error on column index 7, name "tags": unsupported Scan, storing driver.Value type []uint8 into type *[]string
[2022-12-05 20:38:00.479] [isc-capc-service] [] [] [warn] D:/worksapace/go/isc-capc/infrastructure/model/category/category_repository.go:55 信息扫描失败,sql: Scan error on column index 7, name "tags": unsupported Scan, storing driver.Value type []uint8 into type *[]string
[2022-12-05 20:38:00.480] [isc-capc-service] [] [] [warn] D:/worksapace/go/isc-capc/infrastructure/model/category/category_repository.go:55 信息扫描失败,sql: Scan error on column index 7, name "tags": unsupported Scan, storing driver.Value type []uint8 into type *[]string
[2022-12-05 20:38:00.480] [isc-capc-service] [] [] [warn] D:/worksapace/go/isc-capc/infrastructure/model/category/category_repository.go:55 信息扫描失败,sql: Scan error on column index 7, name "tags": unsupported Scan, storing driver.Value type []uint8 into type *[]string
[2022-12-05 20:38:00.480] [isc-capc-service] [] [] [warn] D:/worksapace/go/isc-capc/infrastructure/model/category/category_repository.go:55 信息扫描失败,sql: Scan error on column index 7, name "tags": unsupported Scan, storing driver.Value type []uint8 into type *[]string
[2022-12-05 20:38:00.481] [isc-capc-service] [] [] [warn] D:/worksapace/go/isc-capc/infrastructure/model/category/category_repository.go:55 信息扫描失败,sql: Scan error on column index 10, name "tenant_id": converting driver.Value type []uint8 ("") to a int: invalid syntax
[2022-12-05 20:38:00.482] [isc-capc-service] [] [] [warn] D:/worksapace/go/isc-capc/infrastructure/model/category/category_repository.go:55 信息扫描失败,sql: Scan error on column index 7, name "tags": unsupported Scan, storing driver.Value type []uint8 into type *[]string
[2022-12-05 20:38:00.482] [isc-capc-service] [] [] [warn] D:/worksapace/go/isc-capc/infrastructure/model/category/category_repository.go:55 信息扫描失败,sql: Scan error on column index 10, name "tenant_id": converting driver.Value type []uint8 ("") to a int: invalid syntax
[2022-12-05 20:38:00.482] [isc-capc-service] [] [] [warn] D:/worksapace/go/isc-capc/infrastructure/model/category/category_repository.go:55 信息扫描失败,sql: Scan error on column index 7, name "tags": unsupported Scan, storing driver.Value type []uint8 into type *[]string
[2022-12-05 20:38:00.483] [isc-capc-service] [] [] [warn] D:/worksapace/go/isc-capc/infrastructure/model/category/category_repository.go:55 信息扫描失败,sql: Scan error on column index 7, name "tags": unsupported Scan, storing driver.Value type []uint8 into type *[]string
[2022-12-05 20:38:00.483] [isc-capc-service] [] [] [warn] D:/worksapace/go/isc-capc/infrastructure/model/category/category_repository.go:55 信息扫描失败,sql: Scan error on column index 10, name "tenant_id": converting driver.Value type []uint8 ("") to a int: invalid syntax
[2022-12-05 20:38:00.484] [isc-capc-service] [] [] [warn] D:/worksapace/go/isc-capc/infrastructure/model/category/category_repository.go:55 信息扫描失败,sql: Scan error on column index 7, name "tags": unsupported Scan, storing driver.Value type []uint8 into type *[]string
[2022-12-05 20:38:00.484] [isc-capc-service] [] [] [warn] D:/worksapace/go/isc-capc/infrastructure/model/category/category_repository.go:55 信息扫描失败,sql: Scan error on column index 10, name "tenant_id": converting driver.Value type []uint8 ("system") to a int: invalid syntax
[2022-12-05 20:38:00.484] [isc-capc-service] [] [] [warn] D:/worksapace/go/isc-capc/infrastructure/model/category/category_repository.go:55 信息扫描失败,sql: Scan error on column index 10, name "tenant_id": converting driver.Value type []uint8 ("system") to a int: invalid syntax
[2022-12-05 20:38:00.485] [isc-capc-service] [] [] [warn] D:/worksapace/go/isc-capc/infrastructure/model/category/category_repository.go:55 信息扫描失败,sql: Scan error on column index 10, name "tenant_id": converting driver.Value type []uint8 ("system") to a int: invalid syntax
[2022-12-05 20:38:00.485] [isc-capc-service] [] [] [warn] D:/worksapace/go/isc-capc/infrastructure/model/category/category_repository.go:55 信息扫描失败,sql: Scan error on column index 10, name "tenant_id": converting driver.Value type []uint8 ("system") to a int: invalid syntax
[2022-12-05 20:38:00.486] [isc-capc-service] [] [] [warn] D:/worksapace/go/isc-capc/infrastructure/model/category/category_repository.go:55 信息扫描失败,sql: Scan error on column index 10, name "tenant_id": converting driver.Value type []uint8 ("system") to a int: invalid syntax
[2022-12-05 20:38:00.487] [isc-capc-service] [] [] [warn] D:/worksapace/go/isc-capc/infrastructure/model/category/category_repository.go:55 信息扫描失败,sql: Scan error on column index 10, name "tenant_id": converting driver.Value type []uint8 ("system") to a int: invalid syntax
[2022-12-05 20:38:00.487] [isc-capc-service] [] [] [warn] D:/worksapace/go/isc-capc/infrastructure/model/category/category_repository.go:55 信息扫描失败,sql: Scan error on column index 10, name "tenant_id": converting driver.Value type []uint8 ("ecology_common_data_tenant") to a int: invalid syntax
[2022-12-05 20:38:00.488] [isc-capc-service] [] [] [warn] D:/worksapace/go/isc-capc/infrastructure/model/category/category_repository.go:55 信息扫描失败,sql: Scan error on column index 7, name "tags": unsupported Scan, storing driver.Value type []uint8 into type *[]string
[2022-12-05 20:38:00.488] [isc-capc-service] [] [] [warn] D:/worksapace/go/isc-capc/infrastructure/model/category/category_repository.go:55 信息扫描失败,sql: Scan error on column index 10, name "tenant_id": converting driver.Value type []uint8 ("ecology_common_data_tenant") to a int: invalid syntax
[2022-12-05 20:38:00.488] [isc-capc-service] [] [] [warn] D:/worksapace/go/isc-capc/infrastructure/model/category/category_repository.go:55 信息扫描失败,sql: Scan error on column index 7, name "tags": unsupported Scan, storing driver.Value type []uint8 into type *[]string
[2022-12-05 20:38:00.489] [isc-capc-service] [] [] [warn] D:/worksapace/go/isc-capc/infrastructure/model/category/category_repository.go:55 信息扫描失败,sql: Scan error on column index 10, name "tenant_id": converting driver.Value type []uint8 ("") to a int: invalid syntax
[2022-12-05 20:38:00.489] [isc-capc-service] [] [] [warn] D:/worksapace/go/isc-capc/infrastructure/model/category/category_repository.go:55 信息扫描失败,sql: Scan error on column index 7, name "tags": unsupported Scan, storing driver.Value type []uint8 into type *[]string
[2022-12-05 20:58:12.722] [isc-capc-service] [] [] [warn] D:/worksapace/go/isc-capc/infrastructure/model/category/category_repository.go:55 信息扫描失败,sql: Scan error on column index 10, name "tenant_id": converting driver.Value type []uint8 ("ecology_common_data_tenant") to a int: invalid syntax
[2022-12-05 20:58:12.723] [isc-capc-service] [] [] [warn] D:/worksapace/go/isc-capc/infrastructure/model/category/category_repository.go:55 信息扫描失败,sql: Scan error on column index 10, name "tenant_id": converting driver.Value type []uint8 ("ecology_common_data_tenant") to a int: invalid syntax
[2022-12-05 20:58:12.725] [isc-capc-service] [] [] [warn] D:/worksapace/go/isc-capc/infrastructure/model/category/category_repository.go:55 信息扫描失败,sql: Scan error on column index 7, name "tags": unsupported Scan, storing driver.Value type []uint8 into type *[]string
[2022-12-05 20:58:12.725] [isc-capc-service] [] [] [warn] D:/worksapace/go/isc-capc/infrastructure/model/category/category_repository.go:55 信息扫描失败,sql: Scan error on column index 7, name "tags": unsupported Scan, storing driver.Value type []uint8 into type *[]string
[2022-12-05 20:58:12.726] [isc-capc-service] [] [] [warn] D:/worksapace/go/isc-capc/infrastructure/model/category/category_repository.go:55 信息扫描失败,sql: Scan error on column index 7, name "tags": unsupported Scan, storing driver.Value type []uint8 into type *[]string
[2022-12-05 20:58:12.727] [isc-capc-service] [] [] [warn] D:/worksapace/go/isc-capc/infrastructure/model/category/category_repository.go:55 信息扫描失败,sql: Scan error on column index 7, name "tags": unsupported Scan, storing driver.Value type []uint8 into type *[]string
[2022-12-05 20:58:12.728] [isc-capc-service] [] [] [warn] D:/worksapace/go/isc-capc/infrastructure/model/category/category_repository.go:55 信息扫描失败,sql: Scan error on column index 7, name "tags": unsupported Scan, storing driver.Value type []uint8 into type *[]string
[2022-12-05 20:58:12.728] [isc-capc-service] [] [] [warn] D:/worksapace/go/isc-capc/infrastructure/model/category/category_repository.go:55 信息扫描失败,sql: Scan error on column index 7, name "tags": unsupported Scan, storing driver.Value type []uint8 into type *[]string
[2022-12-05 20:58:12.728] [isc-capc-service] [] [] [warn] D:/worksapace/go/isc-capc/infrastructure/model/category/category_repository.go:55 信息扫描失败,sql: Scan error on column index 7, name "tags": unsupported Scan, storing driver.Value type []uint8 into type *[]string
[2022-12-05 20:58:12.729] [isc-capc-service] [] [] [warn] D:/worksapace/go/isc-capc/infrastructure/model/category/category_repository.go:55 信息扫描失败,sql: Scan error on column index 7, name "tags": unsupported Scan, storing driver.Value type []uint8 into type *[]string
[2022-12-05 20:58:12.729] [isc-capc-service] [] [] [warn] D:/worksapace/go/isc-capc/infrastructure/model/category/category_repository.go:55 信息扫描失败,sql: Scan error on column index 7, name "tags": unsupported Scan, storing driver.Value type []uint8 into type *[]string
[2022-12-05 20:58:12.729] [isc-capc-service] [] [] [warn] D:/worksapace/go/isc-capc/infrastructure/model/category/category_repository.go:55 信息扫描失败,sql: Scan error on column index 7, name "tags": unsupported Scan, storing driver.Value type []uint8 into type *[]string
[2022-12-05 20:58:12.730] [isc-capc-service] [] [] [warn] D:/worksapace/go/isc-capc/infrastructure/model/category/category_repository.go:55 信息扫描失败,sql: Scan error on column index 7, name "tags": unsupported Scan, storing driver.Value type []uint8 into type *[]string
[2022-12-05 20:58:12.731] [isc-capc-service] [] [] [warn] D:/worksapace/go/isc-capc/infrastructure/model/category/category_repository.go:55 信息扫描失败,sql: Scan error on column index 7, name "tags": unsupported Scan, storing driver.Value type []uint8 into type *[]string
[2022-12-05 20:58:12.731] [isc-capc-service] [] [] [warn] D:/worksapace/go/isc-capc/infrastructure/model/category/category_repository.go:55 信息扫描失败,sql: Scan error on column index 7, name "tags": unsupported Scan, storing driver.Value type []uint8 into type *[]string
[2022-12-05 20:58:12.731] [isc-capc-service] [] [] [warn] D:/worksapace/go/isc-capc/infrastructure/model/category/category_repository.go:55 信息扫描失败,sql: Scan error on column index 7, name "tags": unsupported Scan, storing driver.Value type []uint8 into type *[]string
[2022-12-05 20:58:12.732] [isc-capc-service] [] [] [warn] D:/worksapace/go/isc-capc/infrastructure/model/category/category_repository.go:55 信息扫描失败,sql: Scan error on column index 7, name "tags": unsupported Scan, storing driver.Value type []uint8 into type *[]string
[2022-12-05 20:58:12.732] [isc-capc-service] [] [] [warn] D:/worksapace/go/isc-capc/infrastructure/model/category/category_repository.go:55 信息扫描失败,sql: Scan error on column index 10, name "tenant_id": converting driver.Value type []uint8 ("ecology_common_data_tenant") to a int: invalid syntax
[2022-12-05 20:58:12.733] [isc-capc-service] [] [] [warn] D:/worksapace/go/isc-capc/infrastructure/model/category/category_repository.go:55 信息扫描失败,sql: Scan error on column index 10, name "tenant_id": converting driver.Value type []uint8 ("ecology_common_data_tenant") to a int: invalid syntax
[2022-12-05 20:58:12.733] [isc-capc-service] [] [] [warn] D:/worksapace/go/isc-capc/infrastructure/model/category/category_repository.go:55 信息扫描失败,sql: Scan error on column index 7, name "tags": unsupported Scan, storing driver.Value type []uint8 into type *[]string
[2022-12-05 20:58:12.734] [isc-capc-service] [] [] [warn] D:/worksapace/go/isc-capc/infrastructure/model/category/category_repository.go:55 信息扫描失败,sql: Scan error on column index 7, name "tags": unsupported Scan, storing driver.Value type []uint8 into type *[]string
[2022-12-05 20:58:12.734] [isc-capc-service] [] [] [warn] D:/worksapace/go/isc-capc/infrastructure/model/category/category_repository.go:55 信息扫描失败,sql: Scan error on column index 7, name "tags": unsupported Scan, storing driver.Value type []uint8 into type *[]string
[2022-12-05 20:58:12.734] [isc-capc-service] [] [] [warn] D:/worksapace/go/isc-capc/infrastructure/model/category/category_repository.go:55 信息扫描失败,sql: Scan error on column index 7, name "tags": unsupported Scan, storing driver.Value type []uint8 into type *[]string
[2022-12-05 20:58:12.735] [isc-capc-service] [] [] [warn] D:/worksapace/go/isc-capc/infrastructure/model/category/category_repository.go:55 信息扫描失败,sql: Scan error on column index 7, name "tags": unsupported Scan, storing driver.Value type []uint8 into type *[]string
[2022-12-05 20:58:12.735] [isc-capc-service] [] [] [warn] D:/worksapace/go/isc-capc/infrastructure/model/category/category_repository.go:55 信息扫描失败,sql: Scan error on column index 7, name "tags": unsupported Scan, storing driver.Value type []uint8 into type *[]string
[2022-12-05 20:58:12.736] [isc-capc-service] [] [] [warn] D:/worksapace/go/isc-capc/infrastructure/model/category/category_repository.go:55 信息扫描失败,sql: Scan error on column index 7, name "tags": unsupported Scan, storing driver.Value type []uint8 into type *[]string
[2022-12-05 20:58:12.737] [isc-capc-service] [] [] [warn] D:/worksapace/go/isc-capc/infrastructure/model/category/category_repository.go:55 信息扫描失败,sql: Scan error on column index 7, name "tags": unsupported Scan, storing driver.Value type []uint8 into type *[]string
[2022-12-05 20:58:12.737] [isc-capc-service] [] [] [warn] D:/worksapace/go/isc-capc/infrastructure/model/category/category_repository.go:55 信息扫描失败,sql: Scan error on column index 7, name "tags": unsupported Scan, storing driver.Value type []uint8 into type *[]string
[2022-12-05 20:58:12.737] [isc-capc-service] [] [] [warn] D:/worksapace/go/isc-capc/infrastructure/model/category/category_repository.go:55 信息扫描失败,sql: Scan error on column index 7, name "tags": unsupported Scan, storing driver.Value type []uint8 into type *[]string
[2022-12-05 20:58:12.738] [isc-capc-service] [] [] [warn] D:/worksapace/go/isc-capc/infrastructure/model/category/category_repository.go:55 信息扫描失败,sql: Scan error on column index 10, name "tenant_id": converting driver.Value type []uint8 ("") to a int: invalid syntax
[2022-12-05 20:58:12.738] [isc-capc-service] [] [] [warn] D:/worksapace/go/isc-capc/infrastructure/model/category/category_repository.go:55 信息扫描失败,sql: Scan error on column index 7, name "tags": unsupported Scan, storing driver.Value type []uint8 into type *[]string
[2022-12-05 20:58:12.738] [isc-capc-service] [] [] [warn] D:/worksapace/go/isc-capc/infrastructure/model/category/category_repository.go:55 信息扫描失败,sql: Scan error on column index 10, name "tenant_id": converting driver.Value type []uint8 ("") to a int: invalid syntax
[2022-12-05 20:58:12.739] [isc-capc-service] [] [] [warn] D:/worksapace/go/isc-capc/infrastructure/model/category/category_repository.go:55 信息扫描失败,sql: Scan error on column index 7, name "tags": unsupported Scan, storing driver.Value type []uint8 into type *[]string
[2022-12-05 20:58:12.740] [isc-capc-service] [] [] [warn] D:/worksapace/go/isc-capc/infrastructure/model/category/category_repository.go:55 信息扫描失败,sql: Scan error on column index 7, name "tags": unsupported Scan, storing driver.Value type []uint8 into type *[]string
[2022-12-05 20:58:12.740] [isc-capc-service] [] [] [warn] D:/worksapace/go/isc-capc/infrastructure/model/category/category_repository.go:55 信息扫描失败,sql: Scan error on column index 10, name "tenant_id": converting driver.Value type []uint8 ("") to a int: invalid syntax
[2022-12-05 20:58:12.740] [isc-capc-service] [] [] [warn] D:/worksapace/go/isc-capc/infrastructure/model/category/category_repository.go:55 信息扫描失败,sql: Scan error on column index 7, name "tags": unsupported Scan, storing driver.Value type []uint8 into type *[]string
[2022-12-05 20:58:12.740] [isc-capc-service] [] [] [warn] D:/worksapace/go/isc-capc/infrastructure/model/category/category_repository.go:55 信息扫描失败,sql: Scan error on column index 10, name "tenant_id": converting driver.Value type []uint8 ("system") to a int: invalid syntax
[2022-12-05 20:58:12.740] [isc-capc-service] [] [] [warn] D:/worksapace/go/isc-capc/infrastructure/model/category/category_repository.go:55 信息扫描失败,sql: Scan error on column index 10, name "tenant_id": converting driver.Value type []uint8 ("system") to a int: invalid syntax
[2022-12-05 20:58:12.742] [isc-capc-service] [] [] [warn] D:/worksapace/go/isc-capc/infrastructure/model/category/category_repository.go:55 信息扫描失败,sql: Scan error on column index 10, name "tenant_id": converting driver.Value type []uint8 ("system") to a int: invalid syntax
[2022-12-05 20:58:12.742] [isc-capc-service] [] [] [warn] D:/worksapace/go/isc-capc/infrastructure/model/category/category_repository.go:55 信息扫描失败,sql: Scan error on column index 10, name "tenant_id": converting driver.Value type []uint8 ("system") to a int: invalid syntax
[2022-12-05 20:58:12.742] [isc-capc-service] [] [] [warn] D:/worksapace/go/isc-capc/infrastructure/model/category/category_repository.go:55 信息扫描失败,sql: Scan error on column index 10, name "tenant_id": converting driver.Value type []uint8 ("system") to a int: invalid syntax
[2022-12-05 20:58:12.743] [isc-capc-service] [] [] [warn] D:/worksapace/go/isc-capc/infrastructure/model/category/category_repository.go:55 信息扫描失败,sql: Scan error on column index 10, name "tenant_id": converting driver.Value type []uint8 ("system") to a int: invalid syntax
[2022-12-05 20:58:12.743] [isc-capc-service] [] [] [warn] D:/worksapace/go/isc-capc/infrastructure/model/category/category_repository.go:55 信息扫描失败,sql: Scan error on column index 10, name "tenant_id": converting driver.Value type []uint8 ("ecology_common_data_tenant") to a int: invalid syntax
[2022-12-05 20:58:12.744] [isc-capc-service] [] [] [warn] D:/worksapace/go/isc-capc/infrastructure/model/category/category_repository.go:55 信息扫描失败,sql: Scan error on column index 7, name "tags": unsupported Scan, storing driver.Value type []uint8 into type *[]string
[2022-12-05 20:58:12.744] [isc-capc-service] [] [] [warn] D:/worksapace/go/isc-capc/infrastructure/model/category/category_repository.go:55 信息扫描失败,sql: Scan error on column index 10, name "tenant_id": converting driver.Value type []uint8 ("ecology_common_data_tenant") to a int: invalid syntax
[2022-12-05 20:58:12.745] [isc-capc-service] [] [] [warn] D:/worksapace/go/isc-capc/infrastructure/model/category/category_repository.go:55 信息扫描失败,sql: Scan error on column index 7, name "tags": unsupported Scan, storing driver.Value type []uint8 into type *[]string
[2022-12-05 20:58:12.745] [isc-capc-service] [] [] [warn] D:/worksapace/go/isc-capc/infrastructure/model/category/category_repository.go:55 信息扫描失败,sql: Scan error on column index 10, name "tenant_id": converting driver.Value type []uint8 ("") to a int: invalid syntax
[2022-12-05 20:58:12.745] [isc-capc-service] [] [] [warn] D:/worksapace/go/isc-capc/infrastructure/model/category/category_repository.go:55 信息扫描失败,sql: Scan error on column index 7, name "tags": unsupported Scan, storing driver.Value type []uint8 into type *[]string
